# JRE version: OpenJDK Runtime Environment Temurin-17.0.16+8 (17.0.16+8) (build 17.0.16+8)
# Java VM: OpenJDK 64-Bit Server VM Temurin-17.0.16+8 (17.0.16+8, mixed mode, sharing, tiered, compressed oops, compressed class ptrs, g1 gc, windows-amd64)
GC Precious Log:
 CPUs: 4 total, 4 available
 Memory: 8071M
 Large Page Support: Disabled
 NUMA Support: Disabled
 Compressed Oops: Enabled (32-bit)
 Heap Region Size: 1M
 Heap Min Capacity: 8M
 Heap Initial Capacity: 128M
 Heap Max Capacity: 2G
 Pre-touch: Disabled
 Parallel Workers: 4
 Concurrent Workers: 1
 Concurrent Refinement Workers: 4
 Periodic GC: Disabled
Heap:
 garbage-first heap   total 506880K, used 367616K [0x0000000080000000, 0x0000000100000000)
  region size 1024K, 12 young (12288K), 12 survivors (12288K)
 Metaspace       used 174071K, committed 175936K, reserved 622592K
  class space    used 23196K, committed 24128K, reserved 425984K
GC Heap History (20 events):
Event: 204.949 GC heap after
{Heap after GC invocations=72 (full 0):
 garbage-first heap   total 331776K, used 253553K [0x0000000080000000, 0x0000000100000000)
  region size 1024K, 4 young (4096K), 4 survivors (4096K)
 Metaspace       used 164921K, committed 166720K, reserved 622592K
  class space    used 21861K, committed 22720K, reserved 425984K
}
Event: 206.064 GC heap before
{Heap before GC invocations=72 (full 0):
 garbage-first heap   total 331776K, used 287345K [0x0000000080000000, 0x0000000100000000)
  region size 1024K, 38 young (38912K), 4 survivors (4096K)
 Metaspace       used 166735K, committed 168576K, reserved 622592K
  class space    used 22153K, committed 23040K, reserved 425984K
}
Event: 206.074 GC heap after
{Heap after GC invocations=73 (full 0):
 garbage-first heap   total 331776K, used 255070K [0x0000000080000000, 0x0000000100000000)
  region size 1024K, 4 young (4096K), 4 survivors (4096K)
 Metaspace       used 166735K, committed 168576K, reserved 622592K
  class space    used 22153K, committed 23040K, reserved 425984K
}
Event: 207.547 GC heap before
{Heap before GC invocations=73 (full 0):
 garbage-first heap   total 331776K, used 296030K [0x0000000080000000, 0x0000000100000000)
  region size 1024K, 37 young (37888K), 4 survivors (4096K)
 Metaspace       used 168934K, committed 170816K, reserved 622592K
  class space    used 22498K, committed 23424K, reserved 425984K
}
Event: 207.556 GC heap after
{Heap after GC invocations=74 (full 0):
 garbage-first heap   total 331776K, used 266697K [0x0000000080000000, 0x0000000100000000)
  region size 1024K, 5 young (5120K), 5 survivors (5120K)
 Metaspace       used 168934K, committed 170816K, reserved 622592K
  class space    used 22498K, committed 23424K, reserved 425984K
}
Event: 208.250 GC heap before
{Heap before GC invocations=74 (full 0):
 garbage-first heap   total 331776K, used 292297K [0x0000000080000000, 0x0000000100000000)
  region size 1024K, 23 young (23552K), 5 survivors (5120K)
 Metaspace       used 170261K, committed 172160K, reserved 622592K
  class space    used 22735K, committed 23680K, reserved 425984K
}
Event: 208.260 GC heap after
{Heap after GC invocations=75 (full 0):
 garbage-first heap   total 331776K, used 279358K [0x0000000080000000, 0x0000000100000000)
  region size 1024K, 4 young (4096K), 4 survivors (4096K)
 Metaspace       used 170261K, committed 172160K, reserved 622592K
  class space    used 22735K, committed 23680K, reserved 425984K
}
Event: 208.392 GC heap before
{Heap before GC invocations=75 (full 0):
 garbage-first heap   total 331776K, used 310078K [0x0000000080000000, 0x0000000100000000)
  region size 1024K, 16 young (16384K), 4 survivors (4096K)
 Metaspace       used 170529K, committed 172480K, reserved 622592K
  class space    used 22771K, committed 23744K, reserved 425984K
}
Event: 208.397 GC heap after
{Heap after GC invocations=76 (full 0):
 garbage-first heap   total 331776K, used 289366K [0x0000000080000000, 0x0000000100000000)
  region size 1024K, 2 young (2048K), 2 survivors (2048K)
 Metaspace       used 170529K, committed 172480K, reserved 622592K
  class space    used 22771K, committed 23744K, reserved 425984K
}
Event: 208.818 GC heap before
{Heap before GC invocations=76 (full 0):
 garbage-first heap   total 331776K, used 324182K [0x0000000080000000, 0x0000000100000000)
  region size 1024K, 15 young (15360K), 2 survivors (2048K)
 Metaspace       used 170798K, committed 172736K, reserved 622592K
  class space    used 22788K, committed 23744K, reserved 425984K
}
Event: 208.824 GC heap after
{Heap after GC invocations=77 (full 0):
 garbage-first heap   total 331776K, used 300862K [0x0000000080000000, 0x0000000100000000)
  region size 1024K, 2 young (2048K), 2 survivors (2048K)
 Metaspace       used 170798K, committed 172736K, reserved 622592K
  class space    used 22788K, committed 23744K, reserved 425984K
}
Event: 209.137 GC heap before
{Heap before GC invocations=77 (full 0):
 garbage-first heap   total 506880K, used 310078K [0x0000000080000000, 0x0000000100000000)
  region size 1024K, 16 young (16384K), 2 survivors (2048K)
 Metaspace       used 170344K, committed 172416K, reserved 622592K
  class space    used 22769K, committed 23744K, reserved 425984K
}
Event: 209.147 GC heap after
{Heap after GC invocations=78 (full 0):
 garbage-first heap   total 506880K, used 300095K [0x0000000080000000, 0x0000000100000000)
  region size 1024K, 2 young (2048K), 2 survivors (2048K)
 Metaspace       used 170344K, committed 172416K, reserved 622592K
  class space    used 22769K, committed 23744K, reserved 425984K
}
Event: 211.252 GC heap before
{Heap before GC invocations=79 (full 0):
 garbage-first heap   total 506880K, used 419903K [0x0000000080000000, 0x0000000100000000)
  region size 1024K, 117 young (119808K), 2 survivors (2048K)
 Metaspace       used 172192K, committed 174016K, reserved 622592K
  class space    used 22950K, committed 23872K, reserved 425984K
}
Event: 211.304 GC heap after
{Heap after GC invocations=80 (full 0):
 garbage-first heap   total 506880K, used 318130K [0x0000000080000000, 0x0000000100000000)
  region size 1024K, 15 young (15360K), 15 survivors (15360K)
 Metaspace       used 172192K, committed 174016K, reserved 622592K
  class space    used 22950K, committed 23872K, reserved 425984K
}
Event: 211.548 GC heap before
{Heap before GC invocations=80 (full 0):
 garbage-first heap   total 506880K, used 326322K [0x0000000080000000, 0x0000000100000000)
  region size 1024K, 24 young (24576K), 15 survivors (15360K)
 Metaspace       used 172272K, committed 174144K, reserved 622592K
  class space    used 22956K, committed 23872K, reserved 425984K
}
Event: 211.595 GC heap after
{Heap after GC invocations=81 (full 0):
 garbage-first heap   total 506880K, used 292864K [0x0000000080000000, 0x0000000100000000)
  region size 1024K, 3 young (3072K), 3 survivors (3072K)
 Metaspace       used 172272K, committed 174144K, reserved 622592K
  class space    used 22956K, committed 23872K, reserved 425984K
}
Event: 212.768 GC heap before
{Heap before GC invocations=81 (full 0):
 garbage-first heap   total 506880K, used 414720K [0x0000000080000000, 0x0000000100000000)
  region size 1024K, 121 young (123904K), 3 survivors (3072K)
 Metaspace       used 174004K, committed 175872K, reserved 622592K
  class space    used 23186K, committed 24128K, reserved 425984K
}
Event: 212.827 GC heap after
{Heap after GC invocations=82 (full 0):
 garbage-first heap   total 506880K, used 329216K [0x0000000080000000, 0x0000000100000000)
  region size 1024K, 16 young (16384K), 16 survivors (16384K)
 Metaspace       used 174004K, committed 175872K, reserved 622592K
  class space    used 23186K, committed 24128K, reserved 425984K
}
Event: 213.636 GC heap before
{Heap before GC invocations=82 (full 0):
 garbage-first heap   total 506880K, used 407040K [0x0000000080000000, 0x0000000100000000)
  region size 1024K, 93 young (95232K), 16 survivors (16384K)
 Metaspace       used 174071K, committed 175936K, reserved 622592K
  class space    used 23196K, committed 24128K, reserved 425984K
}

