# JRE version: OpenJDK Runtime Environment Temurin-17.0.16+8 (17.0.16+8) (build 17.0.16+8)
# Java VM: OpenJDK 64-Bit Server VM Temurin-17.0.16+8 (17.0.16+8, mixed mode, sharing, tiered, compressed oops, compressed class ptrs, g1 gc, windows-amd64)
GC Precious Log:
 CPUs: 4 total, 4 available
 Memory: 8071M
 Large Page Support: Disabled
 NUMA Support: Disabled
 Compressed Oops: Enabled (Zero based)
 Heap Region Size: 2M
 Heap Min Capacity: 8M
 Heap Initial Capacity: 128M
 Heap Max Capacity: 4G
 Pre-touch: Disabled
 Parallel Workers: 4
 Concurrent Workers: 1
 Concurrent Refinement Workers: 4
 Periodic GC: Disabled
Heap:
 garbage-first heap   total 122880K, used 79546K [0x0000000700000000, 0x0000000800000000)
  region size 2048K, 8 young (16384K), 2 survivors (4096K)
 Metaspace       used 69668K, committed 70528K, reserved 1114112K
  class space    used 10075K, committed 10496K, reserved 1048576K
GC Heap History (20 events):
Event: 42.906 GC heap before
{Heap before GC invocations=18 (full 0):
 garbage-first heap   total 96256K, used 74081K [0x0000000700000000, 0x0000000800000000)
  region size 2048K, 11 young (22528K), 1 survivors (2048K)
 Metaspace       used 55325K, committed 56064K, reserved 1114112K
  class space    used 7900K, committed 8256K, reserved 1048576K
}
Event: 42.910 GC heap after
{Heap after GC invocations=19 (full 0):
 garbage-first heap   total 96256K, used 54411K [0x0000000700000000, 0x0000000800000000)
  region size 2048K, 2 young (4096K), 2 survivors (4096K)
 Metaspace       used 55325K, committed 56064K, reserved 1114112K
  class space    used 7900K, committed 8256K, reserved 1048576K
}
Event: 45.698 GC heap before
{Heap before GC invocations=20 (full 0):
 garbage-first heap   total 106496K, used 72843K [0x0000000700000000, 0x0000000800000000)
  region size 2048K, 11 young (22528K), 2 survivors (4096K)
 Metaspace       used 56519K, committed 57280K, reserved 1114112K
  class space    used 8056K, committed 8384K, reserved 1048576K
}
Event: 45.705 GC heap after
{Heap after GC invocations=21 (full 0):
 garbage-first heap   total 106496K, used 55653K [0x0000000700000000, 0x0000000800000000)
  region size 2048K, 2 young (4096K), 2 survivors (4096K)
 Metaspace       used 56519K, committed 57280K, reserved 1114112K
  class space    used 8056K, committed 8384K, reserved 1048576K
}
Event: 48.998 GC heap before
{Heap before GC invocations=21 (full 0):
 garbage-first heap   total 106496K, used 80229K [0x0000000700000000, 0x0000000800000000)
  region size 2048K, 15 young (30720K), 2 survivors (4096K)
 Metaspace       used 58587K, committed 59392K, reserved 1114112K
  class space    used 8366K, committed 8768K, reserved 1048576K
}
Event: 49.003 GC heap after
{Heap after GC invocations=22 (full 0):
 garbage-first heap   total 106496K, used 56322K [0x0000000700000000, 0x0000000800000000)
  region size 2048K, 1 young (2048K), 1 survivors (2048K)
 Metaspace       used 58587K, committed 59392K, reserved 1114112K
  class space    used 8366K, committed 8768K, reserved 1048576K
}
Event: 53.568 GC heap before
{Heap before GC invocations=23 (full 0):
 garbage-first heap   total 110592K, used 84994K [0x0000000700000000, 0x0000000800000000)
  region size 2048K, 15 young (30720K), 1 survivors (2048K)
 Metaspace       used 60461K, committed 61312K, reserved 1114112K
  class space    used 8678K, committed 9088K, reserved 1048576K
}
Event: 53.573 GC heap after
{Heap after GC invocations=24 (full 0):
 garbage-first heap   total 110592K, used 57295K [0x0000000700000000, 0x0000000800000000)
  region size 2048K, 2 young (4096K), 2 survivors (4096K)
 Metaspace       used 60461K, committed 61312K, reserved 1114112K
  class space    used 8678K, committed 9088K, reserved 1048576K
}
Event: 55.010 GC heap before
{Heap before GC invocations=24 (full 0):
 garbage-first heap   total 110592K, used 88015K [0x0000000700000000, 0x0000000800000000)
  region size 2048K, 17 young (34816K), 2 survivors (4096K)
 Metaspace       used 62173K, committed 63040K, reserved 1114112K
  class space    used 8952K, committed 9344K, reserved 1048576K
}
Event: 55.015 GC heap after
{Heap after GC invocations=25 (full 0):
 garbage-first heap   total 110592K, used 58342K [0x0000000700000000, 0x0000000800000000)
  region size 2048K, 2 young (4096K), 2 survivors (4096K)
 Metaspace       used 62173K, committed 63040K, reserved 1114112K
  class space    used 8952K, committed 9344K, reserved 1048576K
}
Event: 56.676 GC heap before
{Heap before GC invocations=26 (full 0):
 garbage-first heap   total 110592K, used 89062K [0x0000000700000000, 0x0000000800000000)
  region size 2048K, 17 young (34816K), 2 survivors (4096K)
 Metaspace       used 63525K, committed 64384K, reserved 1114112K
  class space    used 9145K, committed 9536K, reserved 1048576K
}
Event: 56.685 GC heap after
{Heap after GC invocations=27 (full 0):
 garbage-first heap   total 110592K, used 61695K [0x0000000700000000, 0x0000000800000000)
  region size 2048K, 3 young (6144K), 3 survivors (6144K)
 Metaspace       used 63525K, committed 64384K, reserved 1114112K
  class space    used 9145K, committed 9536K, reserved 1048576K
}
Event: 58.147 GC heap before
{Heap before GC invocations=27 (full 0):
 garbage-first heap   total 110592K, used 88319K [0x0000000700000000, 0x0000000800000000)
  region size 2048K, 16 young (32768K), 3 survivors (6144K)
 Metaspace       used 65366K, committed 66240K, reserved 1114112K
  class space    used 9359K, committed 9792K, reserved 1048576K
}
Event: 58.157 GC heap after
{Heap after GC invocations=28 (full 0):
 garbage-first heap   total 110592K, used 64316K [0x0000000700000000, 0x0000000800000000)
  region size 2048K, 2 young (4096K), 2 survivors (4096K)
 Metaspace       used 65366K, committed 66240K, reserved 1114112K
  class space    used 9359K, committed 9792K, reserved 1048576K
}
Event: 61.169 GC heap before
{Heap before GC invocations=29 (full 0):
 garbage-first heap   total 122880K, used 88892K [0x0000000700000000, 0x0000000800000000)
  region size 2048K, 14 young (28672K), 2 survivors (4096K)
 Metaspace       used 66618K, committed 67584K, reserved 1114112K
  class space    used 9545K, committed 9984K, reserved 1048576K
}
Event: 61.178 GC heap after
{Heap after GC invocations=30 (full 0):
 garbage-first heap   total 122880K, used 67110K [0x0000000700000000, 0x0000000800000000)
  region size 2048K, 2 young (4096K), 2 survivors (4096K)
 Metaspace       used 66618K, committed 67584K, reserved 1114112K
  class space    used 9545K, committed 9984K, reserved 1048576K
}
Event: 61.224 GC heap before
{Heap before GC invocations=30 (full 0):
 garbage-first heap   total 122880K, used 69158K [0x0000000700000000, 0x0000000800000000)
  region size 2048K, 3 young (6144K), 2 survivors (4096K)
 Metaspace       used 66759K, committed 67648K, reserved 1114112K
  class space    used 9575K, committed 9984K, reserved 1048576K
}
Event: 61.233 GC heap after
{Heap after GC invocations=31 (full 0):
 garbage-first heap   total 122880K, used 67208K [0x0000000700000000, 0x0000000800000000)
  region size 2048K, 1 young (2048K), 1 survivors (2048K)
 Metaspace       used 66759K, committed 67648K, reserved 1114112K
  class space    used 9575K, committed 9984K, reserved 1048576K
}
Event: 63.458 GC heap before
{Heap before GC invocations=31 (full 0):
 garbage-first heap   total 122880K, used 97928K [0x0000000700000000, 0x0000000800000000)
  region size 2048K, 16 young (32768K), 1 survivors (2048K)
 Metaspace       used 69389K, committed 70336K, reserved 1114112K
  class space    used 10049K, committed 10496K, reserved 1048576K
}
Event: 63.465 GC heap after
{Heap after GC invocations=32 (full 0):
 garbage-first heap   total 122880K, used 69306K [0x0000000700000000, 0x0000000800000000)
  region size 2048K, 2 young (4096K), 2 survivors (4096K)
 Metaspace       used 69389K, committed 70336K, reserved 1114112K
  class space    used 10049K, committed 10496K, reserved 1048576K
}

