# JRE version: OpenJDK Runtime Environment Temurin-17.0.16+8 (17.0.16+8) (build 17.0.16+8)
# Java VM: OpenJDK 64-Bit Server VM Temurin-17.0.16+8 (17.0.16+8, mixed mode, sharing, tiered, compressed oops, compressed class ptrs, g1 gc, windows-amd64)
GC Precious Log:
 CPUs: 4 total, 4 available
 Memory: 8071M
 Large Page Support: Disabled
 NUMA Support: Disabled
 Compressed Oops: Enabled (32-bit)
 Heap Region Size: 1M
 Heap Min Capacity: 8M
 Heap Initial Capacity: 128M
 Heap Max Capacity: 2G
 Pre-touch: Disabled
 Parallel Workers: 4
 Concurrent Workers: 1
 Concurrent Refinement Workers: 4
 Periodic GC: Disabled
Heap:
 garbage-first heap   total 86016K, used 50077K [0x0000000080000000, 0x0000000100000000)
  region size 1024K, 28 young (28672K), 6 survivors (6144K)
 Metaspace       used 34967K, committed 35456K, reserved 491520K
  class space    used 4903K, committed 5120K, reserved 425984K
GC Heap History (14 events):
Event: 0.437 GC heap before
{Heap before GC invocations=0 (full 0):
 garbage-first heap   total 131072K, used 12288K [0x0000000080000000, 0x0000000100000000)
  region size 1024K, 13 young (13312K), 0 survivors (0K)
 Metaspace       used 764K, committed 896K, reserved 491520K
  class space    used 61K, committed 128K, reserved 425984K
}
Event: 0.443 GC heap after
{Heap after GC invocations=1 (full 0):
 garbage-first heap   total 131072K, used 1210K [0x0000000080000000, 0x0000000100000000)
  region size 1024K, 2 young (2048K), 2 survivors (2048K)
 Metaspace       used 764K, committed 896K, reserved 491520K
  class space    used 61K, committed 128K, reserved 425984K
}
Event: 0.905 GC heap before
{Heap before GC invocations=1 (full 0):
 garbage-first heap   total 131072K, used 22714K [0x0000000080000000, 0x0000000100000000)
  region size 1024K, 21 young (21504K), 2 survivors (2048K)
 Metaspace       used 2226K, committed 2368K, reserved 491520K
  class space    used 238K, committed 320K, reserved 425984K
}
Event: 0.912 GC heap after
{Heap after GC invocations=2 (full 0):
 garbage-first heap   total 131072K, used 9806K [0x0000000080000000, 0x0000000100000000)
  region size 1024K, 3 young (3072K), 3 survivors (3072K)
 Metaspace       used 2226K, committed 2368K, reserved 491520K
  class space    used 238K, committed 320K, reserved 425984K
}
Event: 2.498 GC heap before
{Heap before GC invocations=2 (full 0):
 garbage-first heap   total 131072K, used 86606K [0x0000000080000000, 0x0000000100000000)
  region size 1024K, 76 young (77824K), 3 survivors (3072K)
 Metaspace       used 5159K, committed 5312K, reserved 491520K
  class space    used 675K, committed 768K, reserved 425984K
}
Event: 2.508 GC heap after
{Heap after GC invocations=3 (full 0):
 garbage-first heap   total 131072K, used 16524K [0x0000000080000000, 0x0000000100000000)
  region size 1024K, 9 young (9216K), 9 survivors (9216K)
 Metaspace       used 5159K, committed 5312K, reserved 491520K
  class space    used 675K, committed 768K, reserved 425984K
}
Event: 4.945 GC heap before
{Heap before GC invocations=3 (full 0):
 garbage-first heap   total 131072K, used 85132K [0x0000000080000000, 0x0000000100000000)
  region size 1024K, 76 young (77824K), 9 survivors (9216K)
 Metaspace       used 16808K, committed 17152K, reserved 491520K
  class space    used 2341K, committed 2496K, reserved 425984K
}
Event: 4.958 GC heap after
{Heap after GC invocations=4 (full 0):
 garbage-first heap   total 131072K, used 21868K [0x0000000080000000, 0x0000000100000000)
  region size 1024K, 6 young (6144K), 6 survivors (6144K)
 Metaspace       used 16808K, committed 17152K, reserved 491520K
  class space    used 2341K, committed 2496K, reserved 425984K
}
Event: 5.902 GC heap before
{Heap before GC invocations=4 (full 0):
 garbage-first heap   total 131072K, used 54636K [0x0000000080000000, 0x0000000100000000)
  region size 1024K, 38 young (38912K), 6 survivors (6144K)
 Metaspace       used 21208K, committed 21504K, reserved 491520K
  class space    used 2928K, committed 3072K, reserved 425984K
}
Event: 5.910 GC heap after
{Heap after GC invocations=5 (full 0):
 garbage-first heap   total 131072K, used 23206K [0x0000000080000000, 0x0000000100000000)
  region size 1024K, 7 young (7168K), 7 survivors (7168K)
 Metaspace       used 21208K, committed 21504K, reserved 491520K
  class space    used 2928K, committed 3072K, reserved 425984K
}
Event: 7.042 GC heap before
{Heap before GC invocations=6 (full 0):
 garbage-first heap   total 86016K, used 67238K [0x0000000080000000, 0x0000000100000000)
  region size 1024K, 50 young (51200K), 7 survivors (7168K)
 Metaspace       used 26386K, committed 26688K, reserved 491520K
  class space    used 3745K, committed 3904K, reserved 425984K
}
Event: 7.053 GC heap after
{Heap after GC invocations=7 (full 0):
 garbage-first heap   total 86016K, used 25400K [0x0000000080000000, 0x0000000100000000)
  region size 1024K, 4 young (4096K), 4 survivors (4096K)
 Metaspace       used 26386K, committed 26688K, reserved 491520K
  class space    used 3745K, committed 3904K, reserved 425984K
}
Event: 8.385 GC heap before
{Heap before GC invocations=7 (full 0):
 garbage-first heap   total 86016K, used 66360K [0x0000000080000000, 0x0000000100000000)
  region size 1024K, 45 young (46080K), 4 survivors (4096K)
 Metaspace       used 32607K, committed 33024K, reserved 491520K
  class space    used 4525K, committed 4736K, reserved 425984K
}
Event: 8.397 GC heap after
{Heap after GC invocations=8 (full 0):
 garbage-first heap   total 86016K, used 28573K [0x0000000080000000, 0x0000000100000000)
  region size 1024K, 6 young (6144K), 6 survivors (6144K)
 Metaspace       used 32607K, committed 33024K, reserved 491520K
  class space    used 4525K, committed 4736K, reserved 425984K
}

