# JRE version: OpenJDK Runtime Environment Temurin-17.0.16+8 (17.0.16+8) (build 17.0.16+8)
# Java VM: OpenJDK 64-Bit Server VM Temurin-17.0.16+8 (17.0.16+8, mixed mode, sharing, tiered, compressed oops, compressed class ptrs, g1 gc, windows-amd64)
GC Precious Log:
 CPUs: 4 total, 4 available
 Memory: 8071M
 Large Page Support: Disabled
 NUMA Support: Disabled
 Compressed Oops: Enabled (32-bit)
 Heap Region Size: 1M
 Heap Min Capacity: 8M
 Heap Initial Capacity: 128M
 Heap Max Capacity: 2G
 Pre-touch: Disabled
 Parallel Workers: 4
 Concurrent Workers: 1
 Concurrent Refinement Workers: 4
 Periodic GC: Disabled
Heap:
 garbage-first heap   total 221184K, used 167382K [0x0000000080000000, 0x0000000100000000)
  region size 1024K, 17 young (17408K), 2 survivors (2048K)
 Metaspace       used 105296K, committed 106560K, reserved 557056K
  class space    used 14733K, committed 15360K, reserved 425984K
GC Heap History (20 events):
Event: 62.836 GC heap before
{Heap before GC invocations=64 (full 0):
 garbage-first heap   total 159744K, used 137272K [0x0000000080000000, 0x0000000100000000)
  region size 1024K, 14 young (14336K), 2 survivors (2048K)
 Metaspace       used 102183K, committed 103424K, reserved 557056K
  class space    used 14254K, committed 14848K, reserved 425984K
}
Event: 62.841 GC heap after
{Heap after GC invocations=65 (full 0):
 garbage-first heap   total 159744K, used 127407K [0x0000000080000000, 0x0000000100000000)
  region size 1024K, 2 young (2048K), 2 survivors (2048K)
 Metaspace       used 102183K, committed 103424K, reserved 557056K
  class space    used 14254K, committed 14848K, reserved 425984K
}
Event: 62.982 GC heap before
{Heap before GC invocations=65 (full 0):
 garbage-first heap   total 159744K, used 136623K [0x0000000080000000, 0x0000000100000000)
  region size 1024K, 12 young (12288K), 2 survivors (2048K)
 Metaspace       used 102184K, committed 103424K, reserved 557056K
  class space    used 14255K, committed 14848K, reserved 425984K
}
Event: 62.986 GC heap after
{Heap after GC invocations=66 (full 0):
 garbage-first heap   total 159744K, used 128315K [0x0000000080000000, 0x0000000100000000)
  region size 1024K, 2 young (2048K), 2 survivors (2048K)
 Metaspace       used 102184K, committed 103424K, reserved 557056K
  class space    used 14255K, committed 14848K, reserved 425984K
}
Event: 63.078 GC heap before
{Heap before GC invocations=66 (full 0):
 garbage-first heap   total 159744K, used 136507K [0x0000000080000000, 0x0000000100000000)
  region size 1024K, 11 young (11264K), 2 survivors (2048K)
 Metaspace       used 102193K, committed 103424K, reserved 557056K
  class space    used 14255K, committed 14848K, reserved 425984K
}
Event: 63.082 GC heap after
{Heap after GC invocations=67 (full 0):
 garbage-first heap   total 159744K, used 129232K [0x0000000080000000, 0x0000000100000000)
  region size 1024K, 2 young (2048K), 2 survivors (2048K)
 Metaspace       used 102193K, committed 103424K, reserved 557056K
  class space    used 14255K, committed 14848K, reserved 425984K
}
Event: 63.153 GC heap before
{Heap before GC invocations=67 (full 0):
 garbage-first heap   total 159744K, used 136400K [0x0000000080000000, 0x0000000100000000)
  region size 1024K, 10 young (10240K), 2 survivors (2048K)
 Metaspace       used 102193K, committed 103424K, reserved 557056K
  class space    used 14255K, committed 14848K, reserved 425984K
}
Event: 63.156 GC heap after
{Heap after GC invocations=68 (full 0):
 garbage-first heap   total 159744K, used 129740K [0x0000000080000000, 0x0000000100000000)
  region size 1024K, 2 young (2048K), 2 survivors (2048K)
 Metaspace       used 102193K, committed 103424K, reserved 557056K
  class space    used 14255K, committed 14848K, reserved 425984K
}
Event: 63.223 GC heap before
{Heap before GC invocations=68 (full 0):
 garbage-first heap   total 159744K, used 135884K [0x0000000080000000, 0x0000000100000000)
  region size 1024K, 9 young (9216K), 2 survivors (2048K)
 Metaspace       used 102193K, committed 103424K, reserved 557056K
  class space    used 14255K, committed 14848K, reserved 425984K
}
Event: 63.227 GC heap after
{Heap after GC invocations=69 (full 0):
 garbage-first heap   total 159744K, used 130690K [0x0000000080000000, 0x0000000100000000)
  region size 1024K, 2 young (2048K), 2 survivors (2048K)
 Metaspace       used 102193K, committed 103424K, reserved 557056K
  class space    used 14255K, committed 14848K, reserved 425984K
}
Event: 63.292 GC heap before
{Heap before GC invocations=69 (full 0):
 garbage-first heap   total 159744K, used 136834K [0x0000000080000000, 0x0000000100000000)
  region size 1024K, 8 young (8192K), 2 survivors (2048K)
 Metaspace       used 102193K, committed 103424K, reserved 557056K
  class space    used 14255K, committed 14848K, reserved 425984K
}
Event: 63.297 GC heap after
{Heap after GC invocations=70 (full 0):
 garbage-first heap   total 221184K, used 131102K [0x0000000080000000, 0x0000000100000000)
  region size 1024K, 1 young (1024K), 1 survivors (1024K)
 Metaspace       used 102193K, committed 103424K, reserved 557056K
  class space    used 14255K, committed 14848K, reserved 425984K
}
Event: 63.746 GC heap before
{Heap before GC invocations=70 (full 0):
 garbage-first heap   total 221184K, used 175134K [0x0000000080000000, 0x0000000100000000)
  region size 1024K, 44 young (45056K), 1 survivors (1024K)
 Metaspace       used 102194K, committed 103424K, reserved 557056K
  class space    used 14255K, committed 14848K, reserved 425984K
}
Event: 63.752 GC heap after
{Heap after GC invocations=71 (full 0):
 garbage-first heap   total 221184K, used 133717K [0x0000000080000000, 0x0000000100000000)
  region size 1024K, 4 young (4096K), 4 survivors (4096K)
 Metaspace       used 102194K, committed 103424K, reserved 557056K
  class space    used 14255K, committed 14848K, reserved 425984K
}
Event: 64.700 GC heap before
{Heap before GC invocations=71 (full 0):
 garbage-first heap   total 221184K, used 176725K [0x0000000080000000, 0x0000000100000000)
  region size 1024K, 47 young (48128K), 4 survivors (4096K)
 Metaspace       used 102456K, committed 103680K, reserved 557056K
  class space    used 14292K, committed 14912K, reserved 425984K
}
Event: 64.708 GC heap after
{Heap after GC invocations=72 (full 0):
 garbage-first heap   total 221184K, used 135291K [0x0000000080000000, 0x0000000100000000)
  region size 1024K, 4 young (4096K), 4 survivors (4096K)
 Metaspace       used 102456K, committed 103680K, reserved 557056K
  class space    used 14292K, committed 14912K, reserved 425984K
}
Event: 66.632 GC heap before
{Heap before GC invocations=72 (full 0):
 garbage-first heap   total 221184K, used 184443K [0x0000000080000000, 0x0000000100000000)
  region size 1024K, 48 young (49152K), 4 survivors (4096K)
 Metaspace       used 103858K, committed 105152K, reserved 557056K
  class space    used 14541K, committed 15168K, reserved 425984K
}
Event: 66.645 GC heap after
{Heap after GC invocations=73 (full 0):
 garbage-first heap   total 221184K, used 150522K [0x0000000080000000, 0x0000000100000000)
  region size 1024K, 6 young (6144K), 6 survivors (6144K)
 Metaspace       used 103858K, committed 105152K, reserved 557056K
  class space    used 14541K, committed 15168K, reserved 425984K
}
Event: 67.274 GC heap before
{Heap before GC invocations=73 (full 0):
 garbage-first heap   total 221184K, used 165882K [0x0000000080000000, 0x0000000100000000)
  region size 1024K, 22 young (22528K), 6 survivors (6144K)
 Metaspace       used 104620K, committed 105856K, reserved 557056K
  class space    used 14638K, committed 15232K, reserved 425984K
}
Event: 67.282 GC heap after
{Heap after GC invocations=74 (full 0):
 garbage-first heap   total 221184K, used 153046K [0x0000000080000000, 0x0000000100000000)
  region size 1024K, 2 young (2048K), 2 survivors (2048K)
 Metaspace       used 104620K, committed 105856K, reserved 557056K
  class space    used 14638K, committed 15232K, reserved 425984K
}

