# JRE version: OpenJDK Runtime Environment Temurin-17.0.16+8 (17.0.16+8) (build 17.0.16+8)
# Java VM: OpenJDK 64-Bit Server VM Temurin-17.0.16+8 (17.0.16+8, mixed mode, sharing, tiered, compressed oops, compressed class ptrs, g1 gc, windows-amd64)
GC Precious Log:
 CPUs: 4 total, 4 available
 Memory: 8071M
 Large Page Support: Disabled
 NUMA Support: Disabled
 Compressed Oops: Enabled (32-bit)
 Heap Region Size: 1M
 Heap Min Capacity: 8M
 Heap Initial Capacity: 128M
 Heap Max Capacity: 2G
 Pre-touch: Disabled
 Parallel Workers: 4
 Concurrent Workers: 1
 Concurrent Refinement Workers: 4
 Periodic GC: Disabled
Heap:
 garbage-first heap   total 162816K, used 134320K [0x0000000080000000, 0x0000000100000000)
  region size 1024K, 28 young (28672K), 4 survivors (4096K)
 Metaspace       used 88664K, committed 89728K, reserved 557056K
  class space    used 12372K, committed 12864K, reserved 425984K
GC Heap History (20 events):
Event: 42.147 GC heap before
{Heap before GC invocations=36 (full 0):
 garbage-first heap   total 135168K, used 113000K [0x0000000080000000, 0x0000000100000000)
  region size 1024K, 22 young (22528K), 1 survivors (1024K)
 Metaspace       used 77977K, committed 78976K, reserved 557056K
  class space    used 10939K, committed 11392K, reserved 425984K
}
Event: 42.151 GC heap after
{Heap after GC invocations=37 (full 0):
 garbage-first heap   total 135168K, used 93204K [0x0000000080000000, 0x0000000100000000)
  region size 1024K, 2 young (2048K), 2 survivors (2048K)
 Metaspace       used 77977K, committed 78976K, reserved 557056K
  class space    used 10939K, committed 11392K, reserved 425984K
}
Event: 43.310 GC heap before
{Heap before GC invocations=37 (full 0):
 garbage-first heap   total 135168K, used 116756K [0x0000000080000000, 0x0000000100000000)
  region size 1024K, 22 young (22528K), 2 survivors (2048K)
 Metaspace       used 79554K, committed 80576K, reserved 557056K
  class space    used 11113K, committed 11584K, reserved 425984K
}
Event: 43.318 GC heap after
{Heap after GC invocations=38 (full 0):
 garbage-first heap   total 135168K, used 102833K [0x0000000080000000, 0x0000000100000000)
  region size 1024K, 3 young (3072K), 3 survivors (3072K)
 Metaspace       used 79554K, committed 80576K, reserved 557056K
  class space    used 11113K, committed 11584K, reserved 425984K
}
Event: 43.748 GC heap before
{Heap before GC invocations=38 (full 0):
 garbage-first heap   total 135168K, used 113073K [0x0000000080000000, 0x0000000100000000)
  region size 1024K, 12 young (12288K), 3 survivors (3072K)
 Metaspace       used 79984K, committed 81024K, reserved 557056K
  class space    used 11207K, committed 11712K, reserved 425984K
}
Event: 43.753 GC heap after
{Heap after GC invocations=39 (full 0):
 garbage-first heap   total 135168K, used 104432K [0x0000000080000000, 0x0000000100000000)
  region size 1024K, 1 young (1024K), 1 survivors (1024K)
 Metaspace       used 79984K, committed 81024K, reserved 557056K
  class space    used 11207K, committed 11712K, reserved 425984K
}
Event: 44.012 GC heap before
{Heap before GC invocations=39 (full 0):
 garbage-first heap   total 135168K, used 111600K [0x0000000080000000, 0x0000000100000000)
  region size 1024K, 9 young (9216K), 1 survivors (1024K)
 Metaspace       used 80612K, committed 81664K, reserved 557056K
  class space    used 11270K, committed 11776K, reserved 425984K
}
Event: 44.015 GC heap after
{Heap after GC invocations=40 (full 0):
 garbage-first heap   total 135168K, used 104737K [0x0000000080000000, 0x0000000100000000)
  region size 1024K, 1 young (1024K), 1 survivors (1024K)
 Metaspace       used 80612K, committed 81664K, reserved 557056K
  class space    used 11270K, committed 11776K, reserved 425984K
}
Event: 44.573 GC heap before
{Heap before GC invocations=40 (full 0):
 garbage-first heap   total 135168K, used 113953K [0x0000000080000000, 0x0000000100000000)
  region size 1024K, 10 young (10240K), 1 survivors (1024K)
 Metaspace       used 81249K, committed 82240K, reserved 557056K
  class space    used 11357K, committed 11840K, reserved 425984K
}
Event: 44.576 GC heap after
{Heap after GC invocations=41 (full 0):
 garbage-first heap   total 135168K, used 105125K [0x0000000080000000, 0x0000000100000000)
  region size 1024K, 2 young (2048K), 2 survivors (2048K)
 Metaspace       used 81249K, committed 82240K, reserved 557056K
  class space    used 11357K, committed 11840K, reserved 425984K
}
Event: 44.796 GC heap before
{Heap before GC invocations=41 (full 0):
 garbage-first heap   total 135168K, used 114341K [0x0000000080000000, 0x0000000100000000)
  region size 1024K, 11 young (11264K), 2 survivors (2048K)
 Metaspace       used 81847K, committed 82880K, reserved 557056K
  class space    used 11431K, committed 11904K, reserved 425984K
}
Event: 44.799 GC heap after
{Heap after GC invocations=42 (full 0):
 garbage-first heap   total 135168K, used 105626K [0x0000000080000000, 0x0000000100000000)
  region size 1024K, 2 young (2048K), 2 survivors (2048K)
 Metaspace       used 81847K, committed 82880K, reserved 557056K
  class space    used 11431K, committed 11904K, reserved 425984K
}
Event: 45.034 GC heap before
{Heap before GC invocations=42 (full 0):
 garbage-first heap   total 135168K, used 115866K [0x0000000080000000, 0x0000000100000000)
  region size 1024K, 12 young (12288K), 2 survivors (2048K)
 Metaspace       used 82479K, committed 83520K, reserved 557056K
  class space    used 11511K, committed 11968K, reserved 425984K
}
Event: 45.038 GC heap after
{Heap after GC invocations=43 (full 0):
 garbage-first heap   total 135168K, used 106132K [0x0000000080000000, 0x0000000100000000)
  region size 1024K, 2 young (2048K), 2 survivors (2048K)
 Metaspace       used 82479K, committed 83520K, reserved 557056K
  class space    used 11511K, committed 11968K, reserved 425984K
}
Event: 45.283 GC heap before
{Heap before GC invocations=43 (full 0):
 garbage-first heap   total 135168K, used 115348K [0x0000000080000000, 0x0000000100000000)
  region size 1024K, 11 young (11264K), 2 survivors (2048K)
 Metaspace       used 83115K, committed 84160K, reserved 557056K
  class space    used 11578K, committed 12032K, reserved 425984K
}
Event: 45.288 GC heap after
{Heap after GC invocations=44 (full 0):
 garbage-first heap   total 162816K, used 106470K [0x0000000080000000, 0x0000000100000000)
  region size 1024K, 2 young (2048K), 2 survivors (2048K)
 Metaspace       used 83115K, committed 84160K, reserved 557056K
  class space    used 11578K, committed 12032K, reserved 425984K
}
Event: 46.432 GC heap before
{Heap before GC invocations=44 (full 0):
 garbage-first heap   total 162816K, used 141286K [0x0000000080000000, 0x0000000100000000)
  region size 1024K, 33 young (33792K), 2 survivors (2048K)
 Metaspace       used 85362K, committed 86464K, reserved 557056K
  class space    used 11903K, committed 12416K, reserved 425984K
}
Event: 46.437 GC heap after
{Heap after GC invocations=45 (full 0):
 garbage-first heap   total 162816K, used 110831K [0x0000000080000000, 0x0000000100000000)
  region size 1024K, 3 young (3072K), 3 survivors (3072K)
 Metaspace       used 85362K, committed 86464K, reserved 557056K
  class space    used 11903K, committed 12416K, reserved 425984K
}
Event: 47.370 GC heap before
{Heap before GC invocations=45 (full 0):
 garbage-first heap   total 162816K, used 139503K [0x0000000080000000, 0x0000000100000000)
  region size 1024K, 31 young (31744K), 3 survivors (3072K)
 Metaspace       used 87235K, committed 88320K, reserved 557056K
  class space    used 12150K, committed 12672K, reserved 425984K
}
Event: 47.375 GC heap after
{Heap after GC invocations=46 (full 0):
 garbage-first heap   total 162816K, used 111792K [0x0000000080000000, 0x0000000100000000)
  region size 1024K, 4 young (4096K), 4 survivors (4096K)
 Metaspace       used 87235K, committed 88320K, reserved 557056K
  class space    used 12150K, committed 12672K, reserved 425984K
}

